This is TeX, Version 3.14159 (Web2C 7.3.1) (format=latex 2000.3.7)  17 DEC 2000 03:41
**report
(report.tex
LaTeX2e <1998/12/01> patch level 1
Babel <v3.6x> and hyphenation patterns for american, french, german, ngerman, i
talian, nohyphenation, loaded.
(/usr/share/texmf/tex/latex/base/article.cls
Document Class: article 1999/01/07 v1.4a Standard LaTeX document class
(/usr/share/texmf/tex/latex/base/size12.clo
File: size12.clo 1999/01/07 v1.4a Standard LaTeX file (size option)
)
\c@part=\count79
\c@section=\count80
\c@subsection=\count81
\c@subsubsection=\count82
\c@paragraph=\count83
\c@subparagraph=\count84
\c@figure=\count85
\c@table=\count86
\abovecaptionskip=\skip41
\belowcaptionskip=\skip42
\bibindent=\dimen102
)
(/usr/share/texmf/tex/latex/misc/stmaryrd.sty
Package: stmaryrd 1994/03/03 St Mary's Road symbol package
\symstmry=\mathgroup4
LaTeX Font Info:    Overwriting symbol font `stmry' in version `bold'
(Font)                  U/stmry/m/n --> U/stmry/b/n on input line 85.
)
\c@thm=\count87
 (report.aux)
\openout1 = `report.aux'.

LaTeX Font Info:    Checking defaults for OML/cmm/m/it on input line 10.
LaTeX Font Info:    ... okay on input line 10.
LaTeX Font Info:    Checking defaults for T1/cmr/m/n on input line 10.
LaTeX Font Info:    ... okay on input line 10.
LaTeX Font Info:    Checking defaults for OT1/cmr/m/n on input line 10.
LaTeX Font Info:    ... okay on input line 10.
LaTeX Font Info:    Checking defaults for OMS/cmsy/m/n on input line 10.
LaTeX Font Info:    ... okay on input line 10.
LaTeX Font Info:    Checking defaults for OMX/cmex/m/n on input line 10.
LaTeX Font Info:    ... okay on input line 10.
LaTeX Font Info:    Checking defaults for U/cmr/m/n on input line 10.
LaTeX Font Info:    ... okay on input line 10.
LaTeX Font Info:    External font `cmex10' loaded for size
(Font)              <20.74> on input line 11.
LaTeX Font Info:    External font `cmex10' loaded for size
(Font)              <14.4> on input line 11.
LaTeX Font Info:    External font `cmex10' loaded for size
(Font)              <12> on input line 11.
LaTeX Font Info:    Try loading font information for U+stmry on input line 11.

(/usr/share/texmf/tex/latex/misc/ustmry.fd)
LaTeX Font Info:    External font `cmex10' loaded for size
(Font)              <7> on input line 11.
LaTeX Font Info:    External font `cmex10' loaded for size
(Font)              <8> on input line 13.
LaTeX Font Info:    External font `cmex10' loaded for size
(Font)              <6> on input line 13.
LaTeX Font Info:    External font `cmex10' loaded for size
(Font)              <17.28> on input line 14.
 [1

]
Overfull \hbox (86.51265pt too wide) in paragraph at lines 28--48
 [] 
 []

[2] [3] (picalculus.tex
Overfull \hbox (23.7252pt too wide) in paragraph at lines 67--67
[]\OT1/cmtt/m/n/12 !             : proc -> proc.                         %prefi
x 11 !.[] 
 []


Overfull \hbox (54.60022pt too wide) in paragraph at lines 67--67
[]\OT1/cmtt/m/n/12 |             : proc -> proc -> proc.                 %infix
 left 10  |.[] 
 []


Overfull \hbox (42.25021pt too wide) in paragraph at lines 67--67
[]\OT1/cmtt/m/n/12 +             : proc -> proc -> proc.                 %infix
 left 9 +.[] 
 []

[4]
Overfull \hbox (54.60022pt too wide) in paragraph at lines 67--67
[]\OT1/cmtt/m/n/12 fRES    : ({y:name} f_trans (P y) A (P' y)) -> f_trans (nu P
) A (nu P').[] 
 []


Overfull \hbox (5.2002pt too wide) in paragraph at lines 67--67
[]          \OT1/cmtt/m/n/12 f_trans (P1 | P2) tau (nu [Z:name] ((Q1 Z) | (Q2 Z
))).[] 
 []


Overfull \hbox (5.2002pt too wide) in paragraph at lines 67--67
[]          \OT1/cmtt/m/n/12 f_trans (P1 | P2) tau (nu [Z:name] ((Q1 Z) | (Q2 Z
))).[] 
 []


Overfull \hbox (54.60022pt too wide) in paragraph at lines 67--67
[]\OT1/cmtt/m/n/12 bPAR1   : b_trans P1 A P -> b_trans (P1 | P2) A ([X:name] ((
P X) | P2)).[] 
 []


Overfull \hbox (54.60022pt too wide) in paragraph at lines 67--67
[]\OT1/cmtt/m/n/12 bPAR2   : b_trans P2 A P -> b_trans (P1 | P2) A ([X:name] (P
1 | (P X))).[] 
 []

[5]) (represent.tex
Overfull \hbox (42.25021pt too wide) in paragraph at lines 27--27
[]\OT1/cmtt/m/n/12 eval_app : eval (app E1 E2) V <- eval E1 (lam E1') <- eval (
E1' E2) V.[] 
 []


Overfull \hbox (60.77522pt too wide) in paragraph at lines 27--27
[]\OT1/cmtt/m/n/12 conv_lam : conv (lam E) ([u:name] in_pref u ([z:name] (in_pr
ef u (P z))))[] 
 []


Overfull \hbox (23.7252pt too wide) in paragraph at lines 27--27
[]           \OT1/cmtt/m/n/12 <- ({x:exp}{y:name} conv x ([u:name] (out_pref y 
u nil))[] 
 []


Overfull \hbox (17.5502pt too wide) in paragraph at lines 27--27
[]                                             \OT1/cmtt/m/n/12 -> conv (E x) (
P y)).[] 
 []


Overfull \hbox (85.47523pt too wide) in paragraph at lines 27--27
[]                \OT1/cmtt/m/n/12 nu ([x:name] (out_pref v x (out_pref v u (in
_pref x P2)))))))[] 
 []

) (report.bbl
Underfull \hbox (badness 10000) in paragraph at lines 4--7
[]\OT1/cmr/m/n/12 Marino Mic-u-lan Fu-rio Hon-sell and Ivan Scagnetto.
 []


Underfull \hbox (badness 10000) in paragraph at lines 4--7
\OML/cmm/m/it/12 ^^Y$\OT1/cmr/m/n/12 -calculus in (co)inductive type the-ory.  
URL:
 []

[6]
Underfull \hbox (badness 4621) in paragraph at lines 9--12
[]\OT1/cmr/m/n/12 Frank Pfen-ning.  Com-pu-ta-tion and de-duc-tion, 2000.  URL:

 []

) [7] (report.aux) ) 
Here is how much of TeX's memory you used:
 411 strings out of 10898
 4314 string characters out of 96882
 53965 words of memory out of 263001
 3388 multiletter control sequences out of 10000+0
 11879 words of font info for 44 fonts, out of 400000 for 1000
 14 hyphenation exceptions out of 1000
 22i,17n,19p,551b,320s stack positions out of 300i,100n,500p,50000b,4000s

Output written on report.dvi (7 pages, 16576 bytes).
